This is pdfTeX, Version 3.1415926-2.3-1.40.12 (MiKTeX 2.9) (preloaded format=pdflatex 2012.10.2)  27 FEB 2013 14:24
entering extended mode
**beekhoury_image5.tex

("\\AA.AD.EPA.GOV\ORD\ATH\USERS\A-M\msnyde02\Net MyDocuments\Dropbox\AppPest\im
ages\latex\beekhoury\beekhoury_image5.tex"
LaTeX2e <2011/06/27>
Babel <v3.8m> and hyphenation patterns for loaded.
(C:\miktex\tex\latex\standalone\standalone.cls
Document Class: standalone 2012/09/15 v1.1b Class to compile TeX sub-files stan
dalone
(C:\miktex\tex\generic\oberdiek\ifluatex.sty
Package: ifluatex 2010/03/01 v1.3 Provides the ifluatex switch (HO)
Package ifluatex Info: LuaTeX not detected.
)
(C:\miktex\tex\generic\oberdiek\ifpdf.sty
Package: ifpdf 2011/01/30 v2.3 Provides the ifpdf switch (HO)
Package ifpdf Info: pdfTeX in PDF mode is detected.
)
(C:\miktex\tex\generic\ifxetex\ifxetex.sty
Package: ifxetex 2010/09/12 v0.6 Provides ifxetex conditional
)
(C:\miktex\tex\latex\xkeyval\xkeyval.sty
Package: xkeyval 2008/08/13 v2.6a package option processing (HA)

(C:\miktex\tex\generic\xkeyval\xkeyval.tex
\XKV@toks=\toks14
\XKV@tempa@toks=\toks15
\XKV@depth=\count79
File: xkeyval.tex 2008/08/13 v2.6a key=value parser (HA)

(C:\miktex\tex\generic\xkeyval\keyval.tex)))
\sa@internal=\count80

(C:\miktex\tex\latex\standalone\standalone.cfg
File: standalone.cfg 2012/09/15 v1.1b Default configuration file for 'standalon
e' class
)
(C:\miktex\tex\latex\base\article.cls
Document Class: article 2007/10/19 v1.4h Standard LaTeX document class
(C:\miktex\tex\latex\base\size10.clo
File: size10.clo 2007/10/19 v1.4h Standard LaTeX file (size option)
)
\c@part=\count81
\c@section=\count82
\c@subsection=\count83
\c@subsubsection=\count84
\c@paragraph=\count85
\c@subparagraph=\count86
\c@figure=\count87
\c@table=\count88
\abovecaptionskip=\skip41
\belowcaptionskip=\skip42
\bibindent=\dimen102
)
(C:\miktex\tex\latex\ltxmisc\varwidth.sty
Package: varwidth 2009/03/30 ver 0.92;  Variable-width minipages
\@vwid@box=\box26
\sift@deathcycles=\count89
\@vwid@loff=\dimen103
\@vwid@roff=\dimen104
)
\sa@box=\box27
)
(C:\miktex\tex\latex\blindtext\blindtext.sty
Package: blindtext 2012/01/06 V2.0 blindtext-Package

(C:\miktex\tex\latex\tools\xspace.sty
Package: xspace 2009/10/20 v1.13 Space after command names (DPC,MH)
)
\c@blindtext=\count90
\c@Blindtext=\count91
\c@blind@countparstart=\count92
\blind@countxx=\count93
\blindtext@numBlindtext=\count94
\blind@countyy=\count95
\c@blindlist=\count96
\c@blindlistlevel=\count97
\c@blindlist@level=\count98
\blind@listitem=\count99
\c@blind@listcount=\count100
\c@blind@levelcount=\count101
\blind@mathformula=\count102
\blind@Mathformula=\count103
\c@blind@randomcount=\count104
\c@blind@randommax=\count105
\c@blind@pangramcount=\count106
\c@blind@pangrammax=\count107
)
(C:\miktex\tex\latex\amsfonts\amssymb.sty
Package: amssymb 2009/06/22 v3.00

(C:\miktex\tex\latex\amsfonts\amsfonts.sty
Package: amsfonts 2009/06/22 v3.00 Basic AMSFonts support
\@emptytoks=\toks16
\symAMSa=\mathgroup4
\symAMSb=\mathgroup5
LaTeX Font Info:    Overwriting math alphabet `\mathfrak' in version `bold'
(Font)                  U/euf/m/n --> U/euf/b/n on input line 96.
))
(C:\miktex\tex\latex\ams\math\amsmath.sty
Package: amsmath 2000/07/18 v2.13 AMS math features
\@mathmargin=\skip43

For additional information on amsmath, use the `?' option.
(C:\miktex\tex\latex\ams\math\amstext.sty
Package: amstext 2000/06/29 v2.01

(C:\miktex\tex\latex\ams\math\amsgen.sty
File: amsgen.sty 1999/11/30 v2.0
\@emptytoks=\toks17
\ex@=\dimen105
))
(C:\miktex\tex\latex\ams\math\amsbsy.sty
Package: amsbsy 1999/11/29 v1.2d
\pmbraise@=\dimen106
)
(C:\miktex\tex\latex\ams\math\amsopn.sty
Package: amsopn 1999/12/14 v2.01 operator names
)
\inf@bad=\count108
LaTeX Info: Redefining \frac on input line 211.
\uproot@=\count109
\leftroot@=\count110
LaTeX Info: Redefining \overline on input line 307.
\classnum@=\count111
\DOTSCASE@=\count112
LaTeX Info: Redefining \ldots on input line 379.
LaTeX Info: Redefining \dots on input line 382.
LaTeX Info: Redefining \cdots on input line 467.
\Mathstrutbox@=\box28
\strutbox@=\box29
\big@size=\dimen107
LaTeX Font Info:    Redeclaring font encoding OML on input line 567.
LaTeX Font Info:    Redeclaring font encoding OMS on input line 568.
\macc@depth=\count113
\c@MaxMatrixCols=\count114
\dotsspace@=\muskip10
\c@parentequation=\count115
\dspbrk@lvl=\count116
\tag@help=\toks18
\row@=\count117
\column@=\count118
\maxfields@=\count119
\andhelp@=\toks19
\eqnshift@=\dimen108
\alignsep@=\dimen109
\tagshift@=\dimen110
\tagwidth@=\dimen111
\totwidth@=\dimen112
\lineht@=\dimen113
\@envbody=\toks20
\multlinegap=\skip44
\multlinetaggap=\skip45
\mathdisplay@stack=\toks21
LaTeX Info: Redefining \[ on input line 2666.
LaTeX Info: Redefining \] on input line 2667.
)
("\\AA.AD.EPA.GOV\ORD\ATH\USERS\A-M\msnyde02\Net MyDocuments\Dropbox\AppPest\im
ages\latex\beekhoury\beekhoury_image5.aux")
LaTeX Font Info:    Checking defaults for OML/cmm/m/it on input line 5.
LaTeX Font Info:    ... okay on input line 5.
LaTeX Font Info:    Checking defaults for T1/cmr/m/n on input line 5.
LaTeX Font Info:    ... okay on input line 5.
LaTeX Font Info:    Checking defaults for OT1/cmr/m/n on input line 5.
LaTeX Font Info:    ... okay on input line 5.
LaTeX Font Info:    Checking defaults for OMS/cmsy/m/n on input line 5.
LaTeX Font Info:    ... okay on input line 5.
LaTeX Font Info:    Checking defaults for OMX/cmex/m/n on input line 5.
LaTeX Font Info:    ... okay on input line 5.
LaTeX Font Info:    Checking defaults for U/cmr/m/n on input line 5.
LaTeX Font Info:    ... okay on input line 5.
LaTeX Font Info:    Try loading font information for U+msa on input line 6.

(C:\miktex\tex\latex\amsfonts\umsa.fd
File: umsa.fd 2009/06/22 v3.00 AMS symbols A
)
LaTeX Font Info:    Try loading font information for U+msb on input line 6.
 (C:\miktex\tex\latex\amsfonts\umsb.fd
File: umsb.fd 2009/06/22 v3.00 AMS symbols B
)
[1

{C:/Documents and Settings/msnyde02/Local Settings/Application Data/MiKTeX/2.9/
pdftex/config/pdftex.map}]
("\\AA.AD.EPA.GOV\ORD\ATH\USERS\A-M\msnyde02\Net MyDocuments\Dropbox\AppPest\im
ages\latex\beekhoury\beekhoury_image5.aux") ) 
Here is how much of TeX's memory you used:
 1780 strings out of 495354
 23508 string characters out of 3183986
 73377 words of memory out of 3000000
 4962 multiletter control sequences out of 15000+200000
 5339 words of font info for 22 fonts, out of 3000000 for 9000
 14 hyphenation exceptions out of 8191
 34i,13n,56p,228b,216s stack positions out of 5000i,500n,10000p,200000b,50000s
<C:/miktex/fonts/type1/public/amsf
onts/cm/cmex10.pfb><C:/miktex/fonts/type1/public/amsfonts/cm/cmmi10.pfb><C:/mik
tex/fonts/type1/public/amsfonts/cm/cmmi7.pfb><C:/miktex/fonts/type1/public/amsf
onts/cm/cmr10.pfb><C:/miktex/fonts/type1/public/amsfonts/cm/cmr7.pfb>
Output written on beekhoury_image5.pdf (1 page, 46978 bytes).
PDF statistics:
 26 PDF objects out of 1000 (max. 8388607)
 0 named destinations out of 1000 (max. 500000)
 1 words of extra memory for PDF output out of 10000 (max. 10000000)

