This is pdfTeX, Version 3.1415926-2.4-1.40.13 (TeX Live 2012) (format=pdflatex 2012.6.30)  31 JAN 2013 11:49
entering extended mode
 restricted \write18 enabled.
 %&-line parsing enabled.
**agdrift_algorithm.tex
(./agdrift_algorithm.tex
LaTeX2e <2011/06/27>
Babel <v3.8m> and hyphenation patterns for english, dumylang, nohyphenation, ge
rman-x-2012-05-30, ngerman-x-2012-05-30, afrikaans, ancientgreek, ibycus, arabi
c, armenian, basque, bulgarian, catalan, pinyin, coptic, croatian, czech, danis
h, dutch, ukenglish, usenglishmax, esperanto, estonian, ethiopic, farsi, finnis
h, french, friulan, galician, german, ngerman, swissgerman, monogreek, greek, h
ungarian, icelandic, assamese, bengali, gujarati, hindi, kannada, malayalam, ma
rathi, oriya, panjabi, tamil, telugu, indonesian, interlingua, irish, italian, 
kurmanji, latin, latvian, lithuanian, mongolian, mongolianlmc, bokmal, nynorsk,
 polish, portuguese, romanian, romansh, russian, sanskrit, serbian, serbianc, s
lovak, slovenian, spanish, swedish, turkish, turkmen, ukrainian, uppersorbian, 
welsh, loaded.
(/usr/local/texlive/2012/texmf-dist/tex/latex/base/article.cls
Document Class: article 2007/10/19 v1.4h Standard LaTeX document class
(/usr/local/texlive/2012/texmf-dist/tex/latex/base/size10.clo
File: size10.clo 2007/10/19 v1.4h Standard LaTeX file (size option)
)
\c@part=\count79
\c@section=\count80
\c@subsection=\count81
\c@subsubsection=\count82
\c@paragraph=\count83
\c@subparagraph=\count84
\c@figure=\count85
\c@table=\count86
\abovecaptionskip=\skip41
\belowcaptionskip=\skip42
\bibindent=\dimen102
)
(/usr/local/texlive/2012/texmf-dist/tex/latex/graphics/graphicx.sty
Package: graphicx 1999/02/16 v1.0f Enhanced LaTeX Graphics (DPC,SPQR)

(/usr/local/texlive/2012/texmf-dist/tex/latex/graphics/keyval.sty
Package: keyval 1999/03/16 v1.13 key=value parser (DPC)
\KV@toks@=\toks14
)
(/usr/local/texlive/2012/texmf-dist/tex/latex/graphics/graphics.sty
Package: graphics 2009/02/05 v1.0o Standard LaTeX Graphics (DPC,SPQR)

(/usr/local/texlive/2012/texmf-dist/tex/latex/graphics/trig.sty
Package: trig 1999/03/16 v1.09 sin cos tan (DPC)
)
(/usr/local/texlive/2012/texmf-dist/tex/latex/latexconfig/graphics.cfg
File: graphics.cfg 2010/04/23 v1.9 graphics configuration of TeX Live
)
Package graphics Info: Driver file: pdftex.def on input line 91.

(/usr/local/texlive/2012/texmf-dist/tex/latex/pdftex-def/pdftex.def
File: pdftex.def 2011/05/27 v0.06d Graphics/color for pdfTeX

(/usr/local/texlive/2012/texmf-dist/tex/generic/oberdiek/infwarerr.sty
Package: infwarerr 2010/04/08 v1.3 Providing info/warning/error messages (HO)
)
(/usr/local/texlive/2012/texmf-dist/tex/generic/oberdiek/ltxcmds.sty
Package: ltxcmds 2011/11/09 v1.22 LaTeX kernel commands for general use (HO)
)
\Gread@gobject=\count87
))
\Gin@req@height=\dimen103
\Gin@req@width=\dimen104
)
(/usr/local/texlive/2012/texmf-dist/tex/latex/endfloat/endfloat.sty
Package: endfloat 2011/12/25 v2.5d LaTeX2e package puts figures and tables at e
nd (jdm)
\c@postfigure=\count88
\efloat@postfff=\write3
\@ef@fffopen=\count89
\c@posttable=\count90
\efloat@postttt=\write4
\@ef@tttopen=\count91
)
(/usr/local/texlive/2012/texmf-dist/tex/latex/amsfonts/amssymb.sty
Package: amssymb 2009/06/22 v3.00

(/usr/local/texlive/2012/texmf-dist/tex/latex/amsfonts/amsfonts.sty
Package: amsfonts 2009/06/22 v3.00 Basic AMSFonts support
\@emptytoks=\toks15
\symAMSa=\mathgroup4
\symAMSb=\mathgroup5
LaTeX Font Info:    Overwriting math alphabet `\mathfrak' in version `bold'
(Font)                  U/euf/m/n --> U/euf/b/n on input line 96.
))
(/usr/local/texlive/2012/texmf-dist/tex/latex/amsmath/amsmath.sty
Package: amsmath 2000/07/18 v2.13 AMS math features
\@mathmargin=\skip43

For additional information on amsmath, use the `?' option.
(/usr/local/texlive/2012/texmf-dist/tex/latex/amsmath/amstext.sty
Package: amstext 2000/06/29 v2.01

(/usr/local/texlive/2012/texmf-dist/tex/latex/amsmath/amsgen.sty
File: amsgen.sty 1999/11/30 v2.0
\@emptytoks=\toks16
\ex@=\dimen105
))
(/usr/local/texlive/2012/texmf-dist/tex/latex/amsmath/amsbsy.sty
Package: amsbsy 1999/11/29 v1.2d
\pmbraise@=\dimen106
)
(/usr/local/texlive/2012/texmf-dist/tex/latex/amsmath/amsopn.sty
Package: amsopn 1999/12/14 v2.01 operator names
)
\inf@bad=\count92
LaTeX Info: Redefining \frac on input line 211.
\uproot@=\count93
\leftroot@=\count94
LaTeX Info: Redefining \overline on input line 307.
\classnum@=\count95
\DOTSCASE@=\count96
LaTeX Info: Redefining \ldots on input line 379.
LaTeX Info: Redefining \dots on input line 382.
LaTeX Info: Redefining \cdots on input line 467.
\Mathstrutbox@=\box26
\strutbox@=\box27
\big@size=\dimen107
LaTeX Font Info:    Redeclaring font encoding OML on input line 567.
LaTeX Font Info:    Redeclaring font encoding OMS on input line 568.
\macc@depth=\count97
\c@MaxMatrixCols=\count98
\dotsspace@=\muskip10
\c@parentequation=\count99
\dspbrk@lvl=\count100
\tag@help=\toks17
\row@=\count101
\column@=\count102
\maxfields@=\count103
\andhelp@=\toks18
\eqnshift@=\dimen108
\alignsep@=\dimen109
\tagshift@=\dimen110
\tagwidth@=\dimen111
\totwidth@=\dimen112
\lineht@=\dimen113
\@envbody=\toks19
\multlinegap=\skip44
\multlinetaggap=\skip45
\mathdisplay@stack=\toks20
LaTeX Info: Redefining \[ on input line 2666.
LaTeX Info: Redefining \] on input line 2667.
)
(/usr/local/texlive/2012/texmf-dist/tex/latex/setspace/setspace.sty
Package: setspace 2011/12/19 v6.7a set line spacing
)
(/usr/local/texlive/2012/texmf-dist/tex/latex/siunitx/siunitx.sty
(/usr/local/texlive/2012/texmf-dist/tex/latex/l3kernel/expl3.sty
(/usr/local/texlive/2012/texmf-dist/tex/latex/l3kernel/l3names.sty
(/usr/local/texlive/2012/texmf-dist/tex/latex/l3kernel/l3bootstrap.sty
Package: l3bootstrap 2011/12/29 v3110 L3 Experimental bootstrap code
)
Package: l3names 2012/03/04 v3494 L3 Experimental namespace for primitives
)
(/usr/local/texlive/2012/texmf-dist/tex/latex/etex-pkg/etex.sty
Package: etex 1998/03/26 v2.0 eTeX basic definition package (PEB)
\et@xins=\count104
)
Package: expl3 2012/04/23 v3570 L3 Experimental code bundle wrapper

(/usr/local/texlive/2012/texmf-dist/tex/latex/graphics/color.sty
Package: color 2005/11/14 v1.0j Standard LaTeX Color (DPC)

(/usr/local/texlive/2012/texmf-dist/tex/latex/latexconfig/color.cfg
File: color.cfg 2007/01/18 v1.5 color configuration of teTeX/TeXLive
)
Package color Info: Driver file: pdftex.def on input line 130.
)
(/usr/local/texlive/2012/texmf-dist/tex/latex/l3kernel/l3basics.sty
Package: l3basics 2012/03/04 v3491 L3 Experimental basic definitions
)
(/usr/local/texlive/2012/texmf-dist/tex/latex/l3kernel/l3expan.sty
Package: l3expan 2012/02/26 v3460 L3 Experimental argument expansion
)
(/usr/local/texlive/2012/texmf-dist/tex/latex/l3kernel/l3tl.sty
Package: l3tl 2012/03/04 v3490 L3 Experimental token lists
)
(/usr/local/texlive/2012/texmf-dist/tex/latex/l3kernel/l3seq.sty
Package: l3seq 2012/03/04 v3490 L3 Experimental sequences and stacks
)
(/usr/local/texlive/2012/texmf-dist/tex/latex/l3kernel/l3int.sty
Package: l3int 2012/03/04 v3490 L3 Experimental integers
\c_max_int=\count105
\l_tmpa_int=\count106
\l_tmpb_int=\count107
\l_tmpc_int=\count108
\g_tmpa_int=\count109
\g_tmpb_int=\count110
)
(/usr/local/texlive/2012/texmf-dist/tex/latex/l3kernel/l3quark.sty
Package: l3quark 2012/02/12 v3384 L3 Experimental quarks
)
(/usr/local/texlive/2012/texmf-dist/tex/latex/l3kernel/l3prg.sty
Package: l3prg 2012/03/04 v3490 L3 Experimental control structures
\g_prg_map_int=\count111
)
(/usr/local/texlive/2012/texmf-dist/tex/latex/l3kernel/l3clist.sty
Package: l3clist 2012/03/04 v3490 L3 Experimental comma separated lists
)
(/usr/local/texlive/2012/texmf-dist/tex/latex/l3kernel/l3token.sty
Package: l3token 2012/03/04 v3491 L3 Experimental token manipulation
)
(/usr/local/texlive/2012/texmf-dist/tex/latex/l3kernel/l3prop.sty
Package: l3prop 2012/03/04 v3490 L3 Experimental property lists
)
(/usr/local/texlive/2012/texmf-dist/tex/latex/l3kernel/l3msg.sty
Package: l3msg 2012/04/23 v3568 L3 Experimental messages
)
(/usr/local/texlive/2012/texmf-dist/tex/latex/l3kernel/l3file.sty
Package: l3file 2012/03/09 v3520 L3 Experimental file and I/O operations
\l_iow_stream_int=\count112
\l_iow_line_length_int=\count113
\l_iow_target_length_int=\count114
\l_iow_current_line_int=\count115
\l_iow_current_word_int=\count116
\l_iow_current_indentation_int=\count117
)
(/usr/local/texlive/2012/texmf-dist/tex/latex/l3kernel/l3skip.sty
Package: l3skip 2012/03/05 v3499 L3 Experimental dimensions and skips
\l_tmpa_dim=\dimen114
\l_tmpb_dim=\dimen115
\l_tmpc_dim=\dimen116
\g_tmpa_dim=\dimen117
\g_tmpb_dim=\dimen118
\l_tmpa_skip=\skip46
\l_tmpb_skip=\skip47
\l_tmpc_skip=\skip48
\g_tmpa_skip=\skip49
\g_tmpb_skip=\skip50
)
(/usr/local/texlive/2012/texmf-dist/tex/latex/l3kernel/l3keys.sty
Package: l3keys 2012/03/03 v3487 L3 Experimental key-value interfaces
\g_keyval_level_int=\count118
\l_keys_choice_int=\count119
)
(/usr/local/texlive/2012/texmf-dist/tex/latex/l3kernel/l3fp.sty
Package: l3fp 2012/03/04 v3490 L3 Experimental floating-point operations
\c_one_million=\count120
\c_one_hundred_million=\count121
\c_five_hundred_million=\count122
\c_one_thousand_million=\count123
\c_fp_pi_by_four_decimal_int=\count124
\c_fp_pi_by_four_extended_int=\count125
\c_fp_pi_decimal_int=\count126
\c_fp_pi_extended_int=\count127
\c_fp_two_pi_decimal_int=\count128
\c_fp_two_pi_extended_int=\count129
\l_fp_count_int=\count130
\l_fp_div_offset_int=\count131
\l_fp_exp_integer_int=\count132
\l_fp_exp_decimal_int=\count133
\l_fp_exp_extended_int=\count134
\l_fp_exp_exponent_int=\count135
\l_fp_input_a_sign_int=\count136
\l_fp_input_a_integer_int=\count137
\l_fp_input_a_decimal_int=\count138
\l_fp_input_a_exponent_int=\count139
\l_fp_input_b_sign_int=\count140
\l_fp_input_b_integer_int=\count141
\l_fp_input_b_decimal_int=\count142
\l_fp_input_b_exponent_int=\count143
\l_fp_input_a_extended_int=\count144
\l_fp_input_b_extended_int=\count145
\l_fp_mul_a_i_int=\count146
\l_fp_mul_a_ii_int=\count147
\l_fp_mul_a_iii_int=\count148
\l_fp_mul_a_iv_int=\count149
\l_fp_mul_a_v_int=\count150
\l_fp_mul_a_vi_int=\count151
\l_fp_mul_b_i_int=\count152
\l_fp_mul_b_ii_int=\count153
\l_fp_mul_b_iii_int=\count154
\l_fp_mul_b_iv_int=\count155
\l_fp_mul_b_v_int=\count156
\l_fp_mul_b_vi_int=\count157
\l_fp_mul_output_int=\count158
\l_fp_output_sign_int=\count159
\l_fp_output_integer_int=\count160
\l_fp_output_decimal_int=\count161
\l_fp_output_exponent_int=\count162
\l_fp_output_extended_int=\count163
\l_fp_round_position_int=\count164
\l_fp_round_target_int=\count165
\l_fp_split_sign_int=\count166
\l_fp_internal_int=\count167
\l_fp_trig_octant_int=\count168
\l_fp_trig_sign_int=\count169
\l_fp_trig_decimal_int=\count170
\l_fp_trig_extended_int=\count171
\l_fp_internal_dim=\dimen119
\l_fp_internal_skip=\skip51
)
(/usr/local/texlive/2012/texmf-dist/tex/latex/l3kernel/l3box.sty
Package: l3box 2012/03/04 v3490 L3 Experimental boxes
\l_tmpb_box=\box28
\l_box_top_dim=\dimen120
\l_box_bottom_dim=\dimen121
\l_box_left_dim=\dimen122
\l_box_right_dim=\dimen123
\l_box_top_new_dim=\dimen124
\l_box_bottom_new_dim=\dimen125
\l_box_left_new_dim=\dimen126
\l_box_right_new_dim=\dimen127
\l_box_internal_box=\box29
)
(/usr/local/texlive/2012/texmf-dist/tex/latex/l3kernel/l3coffins.sty
Package: l3coffins 2012/03/03 v3482 L3 Experimental coffin code layer
\l_coffin_internal_box=\box30
\l_coffin_internal_dim=\dimen128
\l_coffin_offset_x_dim=\dimen129
\l_coffin_offset_y_dim=\dimen130
\l_coffin_x_dim=\dimen131
\l_coffin_y_dim=\dimen132
\l_coffin_x_prime_dim=\dimen133
\l_coffin_y_prime_dim=\dimen134
\l_coffin_Depth_dim=\dimen135
\l_coffin_Height_dim=\dimen136
\l_coffin_TotalHeight_dim=\dimen137
\l_coffin_Width_dim=\dimen138
\c_empty_coffin=\box31
\l_coffin_aligned_coffin=\box32
\l_coffin_aligned_internal_coffin=\box33
\l_coffin_bounding_shift_dim=\dimen139
\l_coffin_left_corner_dim=\dimen140
\l_coffin_right_corner_dim=\dimen141
\l_coffin_bottom_corner_dim=\dimen142
\l_coffin_top_corner_dim=\dimen143
\l_coffin_scaled_total_height_dim=\dimen144
\l_coffin_scaled_width_dim=\dimen145
\l_coffin_display_coffin=\box34
\l_coffin_display_coord_coffin=\box35
\l_coffin_display_pole_coffin=\box36
\l_coffin_display_offset_dim=\dimen146
\l_coffin_display_x_dim=\dimen147
\l_coffin_display_y_dim=\dimen148
)
(/usr/local/texlive/2012/texmf-dist/tex/latex/l3kernel/l3color.sty
Package: l3color 2011/09/07 v2776 L3 Experimental colour support
)
(/usr/local/texlive/2012/texmf-dist/tex/latex/l3kernel/l3luatex.sty
Package: l3luatex 2012/02/09 v3355 L3 Experimental LuaTeX-specific functions
\g_cctab_allocate_int=\count172
\g_cctab_stack_int=\count173
))
Package: siunitx 2012/05/03 v2.5c A comprehensive (SI) units package

(/usr/local/texlive/2012/texmf-dist/tex/latex/tools/array.sty
Package: array 2008/09/09 v2.4c Tabular extension package (FMi)
\col@sep=\dimen149
\extrarowheight=\dimen150
\NC@list=\toks21
\extratabsurround=\skip52
\backup@length=\skip53
)
(/usr/local/texlive/2012/texmf-dist/tex/latex/l3packages/l3keys2e/l3keys2e.sty
(/usr/local/texlive/2012/texmf-dist/tex/latex/l3packages/xparse/xparse.sty
Package: xparse 2012/04/23 v3570 L3 Experimental document command parser
\l_xparse_current_arg_int=\count174
\l_xparse_m_args_int=\count175
\l_xparse_mandatory_args_int=\count176
\l_xparse_processor_int=\count177
\l_xparse_v_nesting_int=\count178
)
Package: l3keys2e 2012/04/23 v3570 LaTeX2e option processing using LaTeX3 keys
)
\l_siunitx_tmp_box=\box37
\l_siunitx_tmp_dim=\dimen151
\l_siunitx_tmp_int=\count179
Variant \prop_get:NVNT already defined; not changing it on line 360
Variant \prop_get:NVNF already defined; not changing it on line 361
Variant \prop_get:NVNTF already defined; not changing it on line 362
\l_siunitx_number_mantissa_length_int=\count180
\l_siunitx_number_uncert_length_int=\count181
\l_siunitx_round_int=\count182
\l_siunitx_process_decimal_int=\count183
\l_siunitx_process_uncertainty_int=\count184
\l_siunitx_process_fixed_int=\count185
\l_siunitx_process_integer_min_int=\count186
\l_siunitx_process_precision_int=\count187
\l_siunitx_group_min_int=\count188
\l_siunitx_angle_marker_box=\box38
\l_siunitx_angle_unit_box=\box39
\l_siunitx_angle_marker_dim=\dimen152
\l_siunitx_angle_unit_dim=\dimen153
\l_siunitx_unit_int=\count189
\l_siunitx_unit_denominator_int=\count190
\l_siunitx_unit_numerator_int=\count191
\l_siunitx_unit_prefix_int=\count192
\l_siunitx_unit_prefix_base_int=\count193
\l_siunitx_unit_prefix_gram_int=\count194
\l_siunitx_number_product_int=\count195
\c_siunitx_one_fill_skip=\skip54
\l_siunitx_table_unit_align_skip=\skip55
\l_siunitx_table_exponent_dim=\dimen154
\l_siunitx_table_integer_dim=\dimen155
\l_siunitx_table_mantissa_dim=\dimen156
\l_siunitx_table_marker_dim=\dimen157
\l_siunitx_table_result_dim=\dimen158
\l_siunitx_table_uncert_dim=\dimen159
\l_siunitx_table_fill_pre_dim=\dimen160
\l_siunitx_table_fill_post_dim=\dimen161
\l_siunitx_table_fill_mid_dim=\dimen162
\l_siunitx_table_pre_box=\box40
\l_siunitx_table_post_box=\box41
\l_siunitx_table_mantissa_box=\box42
\l_siunitx_table_result_box=\box43
\l_siunitx_table_number_align_skip=\skip56
\l_siunitx_table_text_align_skip=\skip57
.................................................
. LaTeX info: "xparse/define-command"
. 
. Defining document command \DeclareBinaryPrefix with arg. spec. 'mmm' on line
. 7037.
.................................................
.................................................
. LaTeX info: "xparse/define-command"
. 
. Defining document command \DeclareSIPostPower with arg. spec. 'mm' on line
. 7040.
.................................................
.................................................
. LaTeX info: "xparse/define-command"
. 
. Defining document command \DeclareSIPrefix with arg. spec. 'mmm' on line
. 7043.
.................................................
.................................................
. LaTeX info: "xparse/define-command"
. 
. Defining document command \DeclareSIPrePower with arg. spec. 'mm' on line
. 7046.
.................................................
.................................................
. LaTeX info: "xparse/define-command"
. 
. Defining document command \DeclareSIQualifier with arg. spec. 'mm' on line
. 7049.
.................................................
.................................................
. LaTeX info: "xparse/define-command"
. 
. Defining document command \DeclareSIUnit with arg. spec. 'O{}mm' on line
. 7052.
.................................................
.................................................
. LaTeX info: "xparse/define-command"
. 
. Defining document command \DeclareSIUnitWithOptions with arg. spec. 'mmm' on
. line 7055.
.................................................
.................................................
. LaTeX info: "xparse/define-command"
. 
. Defining document command \ang with arg. spec. 'o>{\SplitArgument {2}{;}}m'
. on line 7070.
.................................................
.................................................
. LaTeX info: "xparse/define-command"
. 
. Defining document command \num with arg. spec. 'om' on line 7078.
.................................................
.................................................
. LaTeX info: "xparse/define-command"
. 
. Defining document command \numlist with arg. spec. 'o>{\SplitList {;}}m' on
. line 7086.
.................................................
.................................................
. LaTeX info: "xparse/define-command"
. 
. Defining document command \numrange with arg. spec. 'omm' on line 7094.
.................................................
.................................................
. LaTeX info: "xparse/define-command"
. 
. Defining document command \SIlist with arg. spec. 'o>{\SplitList {;}}mm' on
. line 7105.
.................................................
.................................................
. LaTeX info: "xparse/define-command"
. 
. Defining document command \SIrange with arg. spec. 'ommm' on line 7116.
.................................................
.................................................
. LaTeX info: "xparse/define-command"
. 
. Defining document command \SI with arg. spec. 'omom' on line 7127.
.................................................
.................................................
. LaTeX info: "xparse/define-command"
. 
. Defining document command \sisetup with arg. spec. 'm' on line 7130.
.................................................
.................................................
. LaTeX info: "xparse/define-command"
. 
. Defining document command \tablenum with arg. spec. 'om' on line 7142.
.................................................
.................................................
. LaTeX info: "xparse/define-command"
. 
. Defining document command \si with arg. spec. 'om' on line 7153.
.................................................
.................................................
. LaTeX info: "xparse/define-command"
. 
. Defining document command \siunitx_bookmark_num:w with arg. spec. 'om' on
. line 7197.
.................................................
.................................................
. LaTeX info: "xparse/define-command"
. 
. Defining document command \siunitx_bookmark_numrange:w with arg. spec. 'omm'
. on line 7199.
.................................................
.................................................
. LaTeX info: "xparse/define-command"
. 
. Defining document command \siunitx_bookmark_SI:w with arg. spec. 'omom' on
. line 7201.
.................................................
.................................................
. LaTeX info: "xparse/define-command"
. 
. Defining document command \siunitx_bookmark_SIlist:w with arg. spec. 'omm'
. on line 7203.
.................................................
.................................................
. LaTeX info: "xparse/define-command"
. 
. Defining document command \siunitx_bookmark_SIrange:w with arg. spec. 'ommm'
. on line 7205.
.................................................
.................................................
. LaTeX info: "xparse/define-command"
. 
. Defining document command \siunitx_bookmark_si:w with arg. spec. 'om' on
. line 7206.
.................................................
\g_ior_internal_ior=\read1

(/usr/local/texlive/2012/texmf-dist/tex/latex/beamer/translator/translator.sty
Package: translator 2010/06/12 ver 1.10

(/usr/local/texlive/2012/texmf-dist/tex/latex/beamer/translator/translator-lang
uage-mappings.tex)))
(/usr/local/texlive/2012/texmf-dist/tex/latex/geometry/geometry.sty
Package: geometry 2010/09/12 v5.6 Page Geometry

(/usr/local/texlive/2012/texmf-dist/tex/generic/oberdiek/ifpdf.sty
Package: ifpdf 2011/01/30 v2.3 Provides the ifpdf switch (HO)
Package ifpdf Info: pdfTeX in PDF mode is detected.
)
(/usr/local/texlive/2012/texmf-dist/tex/generic/oberdiek/ifvtex.sty
Package: ifvtex 2010/03/01 v1.5 Detect VTeX and its facilities (HO)
Package ifvtex Info: VTeX not detected.
)
(/usr/local/texlive/2012/texmf-dist/tex/generic/ifxetex/ifxetex.sty
Package: ifxetex 2010/09/12 v0.6 Provides ifxetex conditional
)
\Gm@cnth=\count196
\Gm@cntv=\count197
\c@Gm@tempcnt=\count198
\Gm@bindingoffset=\dimen163
\Gm@wd@mp=\dimen164
\Gm@odd@mp=\dimen165
\Gm@even@mp=\dimen166
\Gm@layoutwidth=\dimen167
\Gm@layoutheight=\dimen168
\Gm@layouthoffset=\dimen169
\Gm@layoutvoffset=\dimen170
\Gm@dimlist=\toks22
)
(./agdrift_algorithm.aux)
\openout1 = `agdrift_algorithm.aux'.

LaTeX Font Info:    Checking defaults for OML/cmm/m/it on input line 11.
LaTeX Font Info:    ... okay on input line 11.
LaTeX Font Info:    Checking defaults for T1/cmr/m/n on input line 11.
LaTeX Font Info:    ... okay on input line 11.
LaTeX Font Info:    Checking defaults for OT1/cmr/m/n on input line 11.
LaTeX Font Info:    ... okay on input line 11.
LaTeX Font Info:    Checking defaults for OMS/cmsy/m/n on input line 11.
LaTeX Font Info:    ... okay on input line 11.
LaTeX Font Info:    Checking defaults for OMX/cmex/m/n on input line 11.
LaTeX Font Info:    ... okay on input line 11.
LaTeX Font Info:    Checking defaults for U/cmr/m/n on input line 11.
LaTeX Font Info:    ... okay on input line 11.

(/usr/local/texlive/2012/texmf-dist/tex/context/base/supp-pdf.mkii
[Loading MPS to PDF converter (version 2006.09.02).]
\scratchcounter=\count199
\scratchdimen=\dimen171
\scratchbox=\box44
\nofMPsegments=\count200
\nofMParguments=\count201
\everyMPshowfont=\toks23
Normal \count register pool exhausted, switching to extended pool.
\MPscratchCnt=\count277
\MPscratchDim=\dimen172
\MPnumerator=\count278
\makeMPintoPDFobject=\count279
\everyMPtoPDFconversion=\toks24
) (/usr/local/texlive/2012/texmf-dist/tex/generic/oberdiek/pdftexcmds.sty
Package: pdftexcmds 2011/11/29 v0.20 Utility functions of pdfTeX for LuaTeX (HO
)

(/usr/local/texlive/2012/texmf-dist/tex/generic/oberdiek/ifluatex.sty
Package: ifluatex 2010/03/01 v1.3 Provides the ifluatex switch (HO)
Package ifluatex Info: LuaTeX not detected.
)
Package pdftexcmds Info: LuaTeX not detected.
Package pdftexcmds Info: \pdf@primitive is available.
Package pdftexcmds Info: \pdf@ifprimitive is available.
Package pdftexcmds Info: \pdfdraftmode found.
)
(/usr/local/texlive/2012/texmf-dist/tex/latex/oberdiek/epstopdf-base.sty
Package: epstopdf-base 2010/02/09 v2.5 Base part for package epstopdf

(/usr/local/texlive/2012/texmf-dist/tex/latex/oberdiek/grfext.sty
Package: grfext 2010/08/19 v1.1 Manage graphics extensions (HO)

(/usr/local/texlive/2012/texmf-dist/tex/generic/oberdiek/kvdefinekeys.sty
Package: kvdefinekeys 2011/04/07 v1.3 Define keys (HO)
))
(/usr/local/texlive/2012/texmf-dist/tex/latex/oberdiek/kvoptions.sty
Package: kvoptions 2011/06/30 v3.11 Key value format for package options (HO)

(/usr/local/texlive/2012/texmf-dist/tex/generic/oberdiek/kvsetkeys.sty
Package: kvsetkeys 2012/04/25 v1.16 Key value parser (HO)

(/usr/local/texlive/2012/texmf-dist/tex/generic/oberdiek/etexcmds.sty
Package: etexcmds 2011/02/16 v1.5 Avoid name clashes with e-TeX commands (HO)
Package etexcmds Info: Could not find \expanded.
(etexcmds)             That can mean that you are not using pdfTeX 1.50 or
(etexcmds)             that some package has redefined \expanded.
(etexcmds)             In the latter case, load this package earlier.
)))
Package grfext Info: Graphics extension search list:
(grfext)             [.png,.pdf,.jpg,.mps,.jpeg,.jbig2,.jb2,.PNG,.PDF,.JPG,.JPE
G,.JBIG2,.JB2,.eps]
(grfext)             \AppendGraphicsExtensions on input line 452.

(/usr/local/texlive/2012/texmf-dist/tex/latex/latexconfig/epstopdf-sys.cfg
File: epstopdf-sys.cfg 2010/07/13 v1.3 Configuration of (r)epstopdf for TeX Liv
e
))
(/usr/local/texlive/2012/texmf-dist/tex/latex/beamer/translator/dicts/translato
r-basic-dictionary/translator-basic-dictionary-English.dict
Dictionary: translator-basic-dictionary, Language: English 
)
(/usr/local/texlive/2012/texmf-dist/tex/latex/siunitx/config/siunitx-abbreviati
ons.cfg
File: siunitx-abbreviations.cfg 2012/05/03 v2.5c siunitx: Abbreviated units
)
(/usr/local/texlive/2012/texmf-dist/tex/latex/siunitx/config/siunitx-binary.cfg
File: siunitx-binary.cfg 2012/05/03 v2.5c siunitx: Binary units
)
*geometry* driver: auto-detecting
*geometry* detected driver: pdftex
*geometry* verbose mode - [ preamble ] result:
* driver: pdftex
* paper: <default>
* layout: <same size as paper>
* layoutoffset:(h,v)=(0.0pt,0.0pt)
* modes: 
* h-part:(L,W,R)=(72.26999pt, 469.75502pt, 72.26999pt)
* v-part:(T,H,B)=(72.26999pt, 650.43001pt, 72.26999pt)
* \paperwidth=614.295pt
* \paperheight=794.96999pt
* \textwidth=469.75502pt
* \textheight=650.43001pt
* \oddsidemargin=0.0pt
* \evensidemargin=0.0pt
* \topmargin=-37.0pt
* \headheight=12.0pt
* \headsep=25.0pt
* \topskip=10.0pt
* \footskip=30.0pt
* \marginparwidth=65.0pt
* \marginparsep=11.0pt
* \columnsep=10.0pt
* \skip\footins=9.0pt plus 4.0pt minus 2.0pt
* \hoffset=-93.95122pt
* \voffset=0.0pt
* \mag=1000
* \@twocolumnfalse
* \@twosidefalse
* \@mparswitchfalse
* \@reversemarginfalse
* (1in=72.27pt=25.4mm, 1cm=28.453pt)

\c_siunitx_mathsf_int=\count280
LaTeX Font Info:    Try loading font information for U+msa on input line 11.
(/usr/local/texlive/2012/texmf-dist/tex/latex/amsfonts/umsa.fd
File: umsa.fd 2009/06/22 v3.00 AMS symbols A
)
LaTeX Font Info:    Try loading font information for U+msb on input line 11.

(/usr/local/texlive/2012/texmf-dist/tex/latex/amsfonts/umsb.fd
File: umsb.fd 2009/06/22 v3.00 AMS symbols B
)
\c_siunitx_mathtt_int=\count281

AED endfloat: Processing end Figures and Tables [1

{/usr/local/texlive/2012/texmf-var/fonts/map/pdftex/updmap/pdftex.map}] (./agdr
ift_algorithm.aux) ) 
Here is how much of TeX's memory you used:
 10882 strings out of 493488
 225889 string characters out of 3141326
 232062 words of memory out of 3000000
 14044 multiletter control sequences out of 15000+200000
 6748 words of font info for 28 fonts, out of 3000000 for 9000
 957 hyphenation exceptions out of 8191
 38i,10n,32p,297b,134s stack positions out of 5000i,500n,10000p,200000b,50000s
</usr/local/texlive/2012/texmf-dist/fonts/type1/public/amsf
onts/cm/cmmi10.pfb></usr/local/texlive/2012/texmf-dist/fonts/type1/public/amsfo
nts/cm/cmmi7.pfb></usr/local/texlive/2012/texmf-dist/fonts/type1/public/amsfont
s/cm/cmr10.pfb></usr/local/texlive/2012/texmf-dist/fonts/type1/public/amsfonts/
cm/cmsy10.pfb>
Output written on agdrift_algorithm.pdf (1 page, 44197 bytes).
PDF statistics:
 24 PDF objects out of 1000 (max. 8388607)
 16 compressed objects within 1 object stream
 0 named destinations out of 1000 (max. 500000)
 1 words of extra memory for PDF output out of 10000 (max. 10000000)

