This is pdfTeX, Version 3.1415926-2.4-1.40.13 (MiKTeX 2.9) (preloaded format=pdflatex 2013.7.30)  25 NOV 2013 11:42
entering extended mode
**C:/WorkSpace/Github/ubertool_src/images/latex/vvwm/vvwm_image9.tex
(C:/WorkSpace/Github/ubertool_src/images/latex/vvwm/vvwm_image9.tex
LaTeX2e <2011/06/27>
Babel <v3.8m> and hyphenation patterns for english, afrikaans, ancientgreek, ar
abic, armenian, assamese, basque, bengali, bokmal, bulgarian, catalan, coptic, 
croatian, czech, danish, dutch, esperanto, estonian, farsi, finnish, french, ga
lician, german, german-x-2012-05-30, greek, gujarati, hindi, hungarian, iceland
ic, indonesian, interlingua, irish, italian, kannada, kurmanji, latin, latvian,
 lithuanian, malayalam, marathi, mongolian, mongolianlmc, monogreek, ngerman, n
german-x-2012-05-30, nynorsk, oriya, panjabi, pinyin, polish, portuguese, roman
ian, russian, sanskrit, serbian, slovak, slovenian, spanish, swedish, swissgerm
an, tamil, telugu, turkish, turkmen, ukenglish, ukrainian, uppersorbian, usengl
ishmax, welsh, loaded.
("C:\Workspace\MiKTeX 2.9\tex\latex\base\article.cls"
Document Class: article 2007/10/19 v1.4h Standard LaTeX document class
("C:\Workspace\MiKTeX 2.9\tex\latex\base\fleqn.clo"
File: fleqn.clo 1998/08/17 v1.1c Standard LaTeX option (flush left equations)
\mathindent=\dimen102
)
("C:\Workspace\MiKTeX 2.9\tex\latex\base\size11.clo"
File: size11.clo 2007/10/19 v1.4h Standard LaTeX file (size option)
)
\c@part=\count79
\c@section=\count80
\c@subsection=\count81
\c@subsubsection=\count82
\c@paragraph=\count83
\c@subparagraph=\count84
\c@figure=\count85
\c@table=\count86
\abovecaptionskip=\skip41
\belowcaptionskip=\skip42
\bibindent=\dimen103
)
("C:\Workspace\MiKTeX 2.9\tex\latex\amsfonts\amssymb.sty"
Package: amssymb 2013/01/14 v3.01 AMS font symbols

("C:\Workspace\MiKTeX 2.9\tex\latex\amsfonts\amsfonts.sty"
Package: amsfonts 2013/01/14 v3.01 Basic AMSFonts support
\@emptytoks=\toks14
\symAMSa=\mathgroup4
\symAMSb=\mathgroup5
LaTeX Font Info:    Overwriting math alphabet `\mathfrak' in version `bold'
(Font)                  U/euf/m/n --> U/euf/b/n on input line 106.
))
("C:\Workspace\MiKTeX 2.9\tex\latex\amsmath\amsmath.sty"
Package: amsmath 2013/01/14 v2.14 AMS math features
\@mathmargin=\skip43

For additional information on amsmath, use the `?' option.
("C:\Workspace\MiKTeX 2.9\tex\latex\amsmath\amstext.sty"
Package: amstext 2000/06/29 v2.01

("C:\Workspace\MiKTeX 2.9\tex\latex\amsmath\amsgen.sty"
File: amsgen.sty 1999/11/30 v2.0
\@emptytoks=\toks15
\ex@=\dimen104
))
("C:\Workspace\MiKTeX 2.9\tex\latex\amsmath\amsbsy.sty"
Package: amsbsy 1999/11/29 v1.2d
\pmbraise@=\dimen105
)
("C:\Workspace\MiKTeX 2.9\tex\latex\amsmath\amsopn.sty"
Package: amsopn 1999/12/14 v2.01 operator names
)
\inf@bad=\count87
LaTeX Info: Redefining \frac on input line 210.
\uproot@=\count88
\leftroot@=\count89
LaTeX Info: Redefining \overline on input line 306.
\classnum@=\count90
\DOTSCASE@=\count91
LaTeX Info: Redefining \ldots on input line 378.
LaTeX Info: Redefining \dots on input line 381.
LaTeX Info: Redefining \cdots on input line 466.
\Mathstrutbox@=\box26
\strutbox@=\box27
\big@size=\dimen106
LaTeX Font Info:    Redeclaring font encoding OML on input line 566.
LaTeX Font Info:    Redeclaring font encoding OMS on input line 567.
\macc@depth=\count92
\c@MaxMatrixCols=\count93
\dotsspace@=\muskip10
\c@parentequation=\count94
\dspbrk@lvl=\count95
\tag@help=\toks16
\row@=\count96
\column@=\count97
\maxfields@=\count98
\andhelp@=\toks17
\eqnshift@=\dimen107
\alignsep@=\dimen108
\tagshift@=\dimen109
\tagwidth@=\dimen110
\totwidth@=\dimen111
\lineht@=\dimen112
\@envbody=\toks18
\multlinegap=\skip44
\multlinetaggap=\skip45
\mathdisplay@stack=\toks19
LaTeX Info: Redefining \[ on input line 2665.
LaTeX Info: Redefining \] on input line 2666.
)
("C:\Documents and Settings\jflaisha\Application Data\MiKTeX\2.9\tex\latex\prev
iew\preview.sty"
Package: preview 2010/02/14 11.86 (AUCTeX/preview-latex)

("C:\Documents and Settings\jflaisha\Application Data\MiKTeX\2.9\tex\latex\prev
iew\prtightpage.def"
\PreviewBorder=\dimen113
)
\pr@snippet=\count99
\pr@box=\box28
\pr@output=\toks20
)
(C:\WorkSpace\Github\ubertool_src\images\latex\vvwm\vvwm_image9.aux)
LaTeX Font Info:    Checking defaults for OML/cmm/m/it on input line 7.
LaTeX Font Info:    ... okay on input line 7.
LaTeX Font Info:    Checking defaults for T1/cmr/m/n on input line 7.
LaTeX Font Info:    ... okay on input line 7.
LaTeX Font Info:    Checking defaults for OT1/cmr/m/n on input line 7.
LaTeX Font Info:    ... okay on input line 7.
LaTeX Font Info:    Checking defaults for OMS/cmsy/m/n on input line 7.
LaTeX Font Info:    ... okay on input line 7.
LaTeX Font Info:    Checking defaults for OMX/cmex/m/n on input line 7.
LaTeX Font Info:    ... okay on input line 7.
LaTeX Font Info:    Checking defaults for U/cmr/m/n on input line 7.
LaTeX Font Info:    ... okay on input line 7.

Preview: Fontsize 10.95pt
Preview: PDFoutput 1
LaTeX Font Info:    Try loading font information for U+msa on input line 9.
("C:\Workspace\MiKTeX 2.9\tex\latex\amsfonts\umsa.fd"
File: umsa.fd 2013/01/14 v3.01 AMS symbols A
)
LaTeX Font Info:    Try loading font information for U+msb on input line 9.

("C:\Workspace\MiKTeX 2.9\tex\latex\amsfonts\umsb.fd"
File: umsb.fd 2013/01/14 v3.01 AMS symbols B
)
Preview: Tightpage -65536 -65536 65536 65536
[1{C:/Documents and Settings/jflaisha/Local Settings/Application Data/MiKTeX/2.
9/pdftex/config/pdftex.map}]
(C:\WorkSpace\Github\ubertool_src\images\latex\vvwm\vvwm_image9.aux) ) 
Here is how much of TeX's memory you used:
 1238 strings out of 493921
 14319 string characters out of 3148823
 62926 words of memory out of 3000000
 4564 multiletter control sequences out of 15000+200000
 8288 words of font info for 32 fonts, out of 3000000 for 9000
 841 hyphenation exceptions out of 8191
 27i,14n,26p,330b,188s stack positions out of 5000i,500n,10000p,200000b,50000s
<C:/Works
pace/MiKTeX 2.9/fonts/type1/public/amsfonts/cm/cmmi10.pfb><C:/Workspace/MiKTeX 
2.9/fonts/type1/public/amsfonts/cm/cmmi8.pfb><C:/Workspace/MiKTeX 2.9/fonts/typ
e1/public/amsfonts/cm/cmr10.pfb><C:/Workspace/MiKTeX 2.9/fonts/type1/public/ams
fonts/cm/cmr8.pfb>
Output written on vvwm_image9.pdf (1 page, 37049 bytes).
PDF statistics:
 22 PDF objects out of 1000 (max. 8388607)
 0 named destinations out of 1000 (max. 500000)
 1 words of extra memory for PDF output out of 10000 (max. 10000000)

